<?xml version="1.0" encoding="UTF-8"?>
<!-- Generated by org.testng.reporters.JUnitReportReporter -->
<testsuite skipped="0" hostname="DESKTOP-93N2GVP" name="com.ariat.Tests.MyAccountTest" tests="6" failures="0" timestamp="23 Oct 2018 12:36:01 GMT" time="175.440" errors="0">
  <testcase name="myAccountAccessPersonalInfoTest" time="31.454" classname="com.ariat.Tests.MyAccountTest"/>
  <testcase name="myAccountAccessEmailPrefTest" time="29.740" classname="com.ariat.Tests.MyAccountTest"/>
  <testcase name="myAccountAccessAddressesTest" time="29.951" classname="com.ariat.Tests.MyAccountTest"/>
  <testcase name="myAccountAccessPaymentInfoTest" time="29.805" classname="com.ariat.Tests.MyAccountTest"/>
  <testcase name="myAccountAccessOrdersTest" time="27.504" classname="com.ariat.Tests.MyAccountTest"/>
  <testcase name="myAccountAccessWishListTest" time="26.986" classname="com.ariat.Tests.MyAccountTest"/>
</testsuite> <!-- com.ariat.Tests.MyAccountTest -->
