<?xml version="1.0" encoding="UTF-8"?>
<!-- Generated by org.testng.reporters.JUnitReportReporter -->
<testsuite skipped="0" hostname="DESKTOP-93N2GVP" name="com.ariat.Tests.PersonalInformationTest" tests="2" failures="0" timestamp="23 Oct 2018 10:03:51 GMT" time="77.570" errors="0">
  <testcase name="unsubscribePersonalInformationTest" time="35.879" classname="com.ariat.Tests.PersonalInformationTest"/>
  <testcase name="updatePersonalInformationTest" time="41.691" classname="com.ariat.Tests.PersonalInformationTest"/>
</testsuite> <!-- com.ariat.Tests.PersonalInformationTest -->
