<?xml version="1.0" encoding="UTF-8"?>
<!-- Generated by org.testng.reporters.JUnitReportReporter -->
<testsuite skipped="0" hostname="DESKTOP-93N2GVP" name="com.ariat.Tests.CreateAcountTest" tests="4" failures="0" timestamp="23 Oct 2018 07:53:00 GMT" time="117.676" errors="0">
  <testcase name="createAccountTest" time="48.190" classname="com.ariat.Tests.CreateAcountTest"/>
  <testcase name="returningCustomerTest" time="25.744" classname="com.ariat.Tests.CreateAcountTest"/>
  <testcase name="checkOrderTest" time="22.538" classname="com.ariat.Tests.CreateAcountTest"/>
  <testcase name="forgotPasswordTest" time="21.204" classname="com.ariat.Tests.CreateAcountTest"/>
</testsuite> <!-- com.ariat.Tests.CreateAcountTest -->
