<?xml version="1.0" encoding="UTF-8"?>
<!-- Generated by org.testng.reporters.JUnitReportReporter -->
<testsuite skipped="0" hostname="DESKTOP-93N2GVP" name="com.ariat.Tests.LogoutTest" tests="1" failures="0" timestamp="23 Oct 2018 10:12:27 GMT" time="25.303" errors="0">
  <testcase name="logoutTest" time="25.303" classname="com.ariat.Tests.LogoutTest"/>
</testsuite> <!-- com.ariat.Tests.LogoutTest -->
