<?xml version="1.0" encoding="UTF-8"?>
<!-- Generated by org.testng.reporters.JUnitReportReporter -->
<testsuite skipped="0" hostname="DESKTOP-93N2GVP" name="com.ariat.Tests.CreateAcountTest" tests="4" failures="0" timestamp="23 Oct 2018 13:14:24 GMT" time="118.977" errors="0">
  <testcase name="createAccountTest" time="46.223" classname="com.ariat.Tests.CreateAcountTest"/>
  <testcase name="returningCustomerTest" time="27.794" classname="com.ariat.Tests.CreateAcountTest"/>
  <testcase name="checkOrderTest" time="22.550" classname="com.ariat.Tests.CreateAcountTest"/>
  <testcase name="forgotPasswordTest" time="22.410" classname="com.ariat.Tests.CreateAcountTest"/>
</testsuite> <!-- com.ariat.Tests.CreateAcountTest -->
