<?xml version="1.0" encoding="UTF-8"?>
<!-- Generated by org.testng.reporters.JUnitReportReporter -->
<testsuite skipped="0" hostname="DESKTOP-93N2GVP" name="com.ariat.Tests.HomeTest" tests="3" failures="0" timestamp="23 Oct 2018 06:26:36 GMT" time="97.488" errors="0">
  <testcase name="closeSubscriptionTest" time="46.401" classname="com.ariat.Tests.HomeTest"/>
  <testcase name="setSubscriptionTest" time="19.917" classname="com.ariat.Tests.HomeTest"/>
  <testcase name="UKlocationTest" time="31.170" classname="com.ariat.Tests.HomeTest"/>
</testsuite> <!-- com.ariat.Tests.HomeTest -->
